Determining if the pthread_create exist failed with the following output:
Change Dir: /home/robo/ws_cpp/peg_in_hole/build/CMakeFiles/CMakeTmp

Run Build Command:"/usr/bin/make" "cmTC_bc541/fast"
/usr/bin/make -f CMakeFiles/cmTC_bc541.dir/build.make CMakeFiles/cmTC_bc541.dir/build
make[1]: Entering directory '/home/robo/ws_cpp/peg_in_hole/build/CMakeFiles/CMakeTmp'
Building C object CMakeFiles/cmTC_bc541.dir/CheckSymbolExists.c.o
/usr/bin/cc    -o CMakeFiles/cmTC_bc541.dir/CheckSymbolExists.c.o   -c /home/robo/ws_cpp/peg_in_hole/build/CMakeFiles/CMakeTmp/CheckSymbolExists.c
Linking C executable cmTC_bc541
/home/robo/.local/lib/python3.5/site-packages/cmake/data/bin/cmake -E cmake_link_script CMakeFiles/cmTC_bc541.dir/link.txt --verbose=1
/usr/bin/cc      CMakeFiles/cmTC_bc541.dir/CheckSymbolExists.c.o  -o cmTC_bc541 
CMakeFiles/cmTC_bc541.dir/CheckSymbolExists.c.o: In function `main':
CheckSymbolExists.c:(.text+0x16): undefined reference to `pthread_create'
collect2: error: ld returned 1 exit status
CMakeFiles/cmTC_bc541.dir/build.make:86: recipe for target 'cmTC_bc541' failed
make[1]: *** [cmTC_bc541] Error 1
make[1]: Leaving directory '/home/robo/ws_cpp/peg_in_hole/build/CMakeFiles/CMakeTmp'
Makefile:121: recipe for target 'cmTC_bc541/fast' failed
make: *** [cmTC_bc541/fast] Error 2

File /home/robo/ws_cpp/peg_in_hole/build/CMakeFiles/CMakeTmp/CheckSymbolExists.c:
/* */
#include <pthread.h>

int main(int argc, char** argv)
{
  (void)argv;
#ifndef pthread_create
  return ((int*)(&pthread_create))[argc];
#else
  (void)argc;
  return 0;
#endif
}

